0 info it worked if it ends with ok
1 verbose cli [ 'node', '/usr/local/bin/npm', 'update', '-g', 'bower' ]
2 info using npm@1.4.14
3 info using node@v0.10.29
4 verbose url raw bower
5 verbose url resolving [ 'https://registry.npmjs.org/', './bower' ]
6 verbose url resolved https://registry.npmjs.org/bower
7 info trying registry request attempt 1 at 13:00:32
8 verbose etag "1XPUKEPQTZKBL4EZGR44S5ZFI"
9 http GET https://registry.npmjs.org/bower
10 http 200 https://registry.npmjs.org/bower
11 silly registry.get cb [ 200,
11 silly registry.get   { date: 'Wed, 30 Jul 2014 07:30:32 GMT',
11 silly registry.get     server: 'CouchDB/1.5.0 (Erlang OTP/R16B03)',
11 silly registry.get     etag: '"9TRN9C51C2GRVQLWJPEMU8N5A"',
11 silly registry.get     'content-type': 'application/json',
11 silly registry.get     'cache-control': 'max-age=60',
11 silly registry.get     'content-length': '107691',
11 silly registry.get     'accept-ranges': 'bytes',
11 silly registry.get     via: '1.1 varnish',
11 silly registry.get     age: '54',
11 silly registry.get     'x-served-by': 'cache-sn86-SIN',
11 silly registry.get     'x-cache': 'HIT',
11 silly registry.get     'x-cache-hits': '1',
11 silly registry.get     'x-timer': 'S1406705432.711265,VS0,VE0',
11 silly registry.get     vary: 'Accept',
11 silly registry.get     'keep-alive': 'timeout=10, max=50',
11 silly registry.get     connection: 'Keep-Alive' } ]
12 info outdated updating [ [ '/usr/local/lib', 'bower', '1.3.7', '1.3.8', '1.3.8', '*' ] ]
13 verbose install where,what [ '/usr/local/lib', [ 'bower@1.3.8' ] ]
14 verbose cache add [ 'bower@1.3.8', null ]
15 verbose cache add name=undefined spec="bower@1.3.8" args=["bower@1.3.8",null]
16 verbose parsed url { protocol: null,
16 verbose parsed url   slashes: null,
16 verbose parsed url   auth: null,
16 verbose parsed url   host: null,
16 verbose parsed url   port: null,
16 verbose parsed url   hostname: null,
16 verbose parsed url   hash: null,
16 verbose parsed url   search: null,
16 verbose parsed url   query: null,
16 verbose parsed url   pathname: 'bower@1.3.8',
16 verbose parsed url   path: 'bower@1.3.8',
16 verbose parsed url   href: 'bower@1.3.8' }
17 verbose cache add name="bower" spec="1.3.8" args=["bower","1.3.8"]
18 verbose parsed url { protocol: null,
18 verbose parsed url   slashes: null,
18 verbose parsed url   auth: null,
18 verbose parsed url   host: null,
18 verbose parsed url   port: null,
18 verbose parsed url   hostname: null,
18 verbose parsed url   hash: null,
18 verbose parsed url   search: null,
18 verbose parsed url   query: null,
18 verbose parsed url   pathname: '1.3.8',
18 verbose parsed url   path: '1.3.8',
18 verbose parsed url   href: '1.3.8' }
19 verbose addNamed [ 'bower', '1.3.8' ]
20 verbose addNamed [ '1.3.8', '1.3.8' ]
21 silly lockFile 7946917f-bower-1-3-8 bower@1.3.8
22 verbose lock bower@1.3.8 /Users/ajanthan/.npm/7946917f-bower-1-3-8.lock
23 verbose registry.get bower not expired, no request
24 silly lockFile ad8e0082--npmjs-org-bower-bower-1-3-8-tgz https://registry.npmjs.org/bower/-/bower-1.3.8.tgz
25 verbose lock https://registry.npmjs.org/bower/-/bower-1.3.8.tgz /Users/ajanthan/.npm/ad8e0082--npmjs-org-bower-bower-1-3-8-tgz.lock
26 verbose addRemoteTarball [ 'https://registry.npmjs.org/bower/-/bower-1.3.8.tgz',
26 verbose addRemoteTarball   'afa3338a8a88a6e084c38112ea4a15998cbee3e6' ]
27 info retry fetch attempt 1 at 13:00:33
28 verbose fetch to= /var/folders/00/1kcmh000h01000cxqpysvccm0069kk/T/npm-61836-5HCG8jlI/registry.npmjs.org/bower/-/bower-1.3.8.tgz
29 http GET https://registry.npmjs.org/bower/-/bower-1.3.8.tgz
30 http 200 https://registry.npmjs.org/bower/-/bower-1.3.8.tgz
31 silly lockFile ad8e0082--npmjs-org-bower-bower-1-3-8-tgz https://registry.npmjs.org/bower/-/bower-1.3.8.tgz
32 silly lockFile ad8e0082--npmjs-org-bower-bower-1-3-8-tgz https://registry.npmjs.org/bower/-/bower-1.3.8.tgz
33 silly lockFile 7946917f-bower-1-3-8 bower@1.3.8
34 silly lockFile 7946917f-bower-1-3-8 bower@1.3.8
35 silly resolved [ { name: 'bower',
35 silly resolved     version: '1.3.8',
35 silly resolved     description: 'The browser package manager',
35 silly resolved     author: { name: 'Twitter' },
35 silly resolved     licenses: [ [Object] ],
35 silly resolved     repository: { type: 'git', url: 'git://github.com/bower/bower' },
35 silly resolved     main: 'lib',
35 silly resolved     homepage: 'http://bower.io',
35 silly resolved     engines: { node: '>=0.10.0' },
35 silly resolved     dependencies:
35 silly resolved      { abbrev: '~1.0.4',
35 silly resolved        archy: '~0.0.2',
35 silly resolved        'bower-config': '~0.5.2',
35 silly resolved        'bower-endpoint-parser': '~0.2.2',
35 silly resolved        'bower-json': '~0.4.0',
35 silly resolved        'bower-logger': '~0.2.2',
35 silly resolved        'bower-registry-client': '~0.2.0',
35 silly resolved        cardinal: '~0.4.0',
35 silly resolved        chalk: '~0.4.0',
35 silly resolved        chmodr: '~0.1.0',
35 silly resolved        'decompress-zip': '~0.0.6',
35 silly resolved        fstream: '~0.1.22',
35 silly resolved        'fstream-ignore': '~0.0.6',
35 silly resolved        glob: '~4.0.2',
35 silly resolved        'graceful-fs': '~3.0.1',
35 silly resolved        handlebars: '~1.3.0',
35 silly resolved        inquirer: '~0.5.1',
35 silly resolved        insight: '~0.3.0',
35 silly resolved        'is-root': '~0.1.0',
35 silly resolved        junk: '~0.3.0',
35 silly resolved        lockfile: '~0.4.2',
35 silly resolved        'lru-cache': '~2.5.0',
35 silly resolved        mkdirp: '~0.5.0',
35 silly resolved        mout: '~0.9.1',
35 silly resolved        nopt: '~3.0.0',
35 silly resolved        opn: '~0.1.1',
35 silly resolved        osenv: '~0.1.0',
35 silly resolved        'p-throttler': '~0.0.1',
35 silly resolved        promptly: '~0.2.0',
35 silly resolved        q: '~1.0.1',
35 silly resolved        request: '~2.36.0',
35 silly resolved        'request-progress': '~0.3.0',
35 silly resolved        retry: '~0.6.0',
35 silly resolved        rimraf: '~2.2.0',
35 silly resolved        semver: '~2.3.0',
35 silly resolved        'shell-quote': '~1.4.1',
35 silly resolved        'stringify-object': '~0.2.0',
35 silly resolved        tar: '~0.1.17',
35 silly resolved        tmp: '0.0.23',
35 silly resolved        'update-notifier': '~0.2.0',
35 silly resolved        which: '~1.0.5' },
35 silly resolved     devDependencies:
35 silly resolved      { 'expect.js': '~0.3.1',
35 silly resolved        grunt: '~0.4.4',
35 silly resolved        'grunt-contrib-jshint': '~0.10.0',
35 silly resolved        'grunt-contrib-watch': '~0.6.1',
35 silly resolved        'grunt-exec': '~0.4.2',
35 silly resolved        'grunt-simple-mocha': '~0.4.0',
35 silly resolved        istanbul: '~0.2.4',
35 silly resolved        'load-grunt-tasks': '~0.4.0',
35 silly resolved        mocha: '~1.20.1',
35 silly resolved        nock: '~0.34.1',
35 silly resolved        proxyquire: '~1.0.1',
35 silly resolved        coveralls: '~2.10.0',
35 silly resolved        'node-uuid': '~1.4.1' },
35 silly resolved     scripts: { test: 'grunt test' },
35 silly resolved     bin: { bower: 'bin/bower' },
35 silly resolved     preferGlobal: true,
35 silly resolved     bugs: { url: 'https://github.com/bower/bower/issues' },
35 silly resolved     _id: 'bower@1.3.8',
35 silly resolved     dist:
35 silly resolved      { shasum: 'afa3338a8a88a6e084c38112ea4a15998cbee3e6',
35 silly resolved        tarball: 'http://registry.npmjs.org/bower/-/bower-1.3.8.tgz' },
35 silly resolved     _from: 'bower@1.3.8',
35 silly resolved     _npmVersion: '1.4.6',
35 silly resolved     _npmUser: { name: 'paulirish', email: 'paul.irish@gmail.com' },
35 silly resolved     maintainers: [ [Object], [Object], [Object], [Object], [Object], [Object] ],
35 silly resolved     directories: {},
35 silly resolved     _shasum: 'afa3338a8a88a6e084c38112ea4a15998cbee3e6',
35 silly resolved     _resolved: 'https://registry.npmjs.org/bower/-/bower-1.3.8.tgz' } ]
36 info install bower@1.3.8 into /usr/local/lib
37 info installOne bower@1.3.8
38 info /usr/local/lib/node_modules/bower unbuild
39 info preuninstall bower@1.3.7
40 info uninstall bower@1.3.7
41 verbose true,/usr/local/lib/node_modules,/usr/local/lib/node_modules unbuild bower@1.3.7
42 verbose /usr/local/bin,[object Object] binRoot
43 info /usr/local/lib/node_modules/bower unbuild
44 info preuninstall bower@1.3.7
45 info uninstall bower@1.3.7
46 verbose true,/usr/local/lib/node_modules,/usr/local/lib/node_modules unbuild bower@1.3.7
47 verbose /usr/local/bin,[object Object] binRoot
48 error error rolling back Error: EACCES, unlink '/usr/local/bin/bower'
48 error error rolling back  bower@1.3.8 { [Error: EACCES, unlink '/usr/local/bin/bower'] errno: 3, code: 'EACCES', path: '/usr/local/bin/bower' }
49 error Error: EACCES, unlink '/usr/local/bin/bower'
49 error  { [Error: EACCES, unlink '/usr/local/bin/bower'] errno: 3, code: 'EACCES', path: '/usr/local/bin/bower' }
50 error Please try running this command again as root/Administrator.
51 error System Darwin 13.3.0
52 error command "node" "/usr/local/bin/npm" "update" "-g" "bower"
53 error cwd /Applications/MAMP/htdocs/githubserve/ddt
54 error node -v v0.10.29
55 error npm -v 1.4.14
56 error path /usr/local/bin/bower
57 error code EACCES
58 error errno 3
59 error stack Error: EACCES, unlink '/usr/local/bin/bower'
60 verbose exit [ 3, true ]
